 sid | title | firstname |      lastname      |              email               | office | phone 
-----+-------+-----------+--------------------+----------------------------------+--------+-------
   1 | Mr    | Stevan    | Anastasoff         | S.J.Anastasoff@cs.bham.ac.uk     |    125 | 47969
   2 | Dr    | Tom       | Axford             | T.H.Axford@cs.bham.ac.uk         |    111 | 44779
   3 | Prof  | John      | Barnden            | J.A.Barnden@cs.bham.ac.uk        |    232 | 43816
   4 | Mr    | James     | Beadle             | J.D.Beadle@cs.bham.ac.uk         |    234 | 44770
   5 | Mr    | Gavin     | Brown              | G.Brown@cs.bham.ac.uk            |    145 | 43705
   6 | Dr    | John      | Bullinaria         | J.A.Bullinaria@cs.bham.ac.uk     |    113 | 42590
   7 | Mr    | Carlos    | Calvo              | C.J.Calvo@cs.bham.ac.uk          |    242 | 42791
   8 | Mr    | Stefano   | Cattani            | S.Cattani@cs.bham.ac.uk          |    121 | 48201
   9 | Mr    | Marcin    | Chady              | M.Chady@cs.bham.ac.uk            |    117 | 43707
  10 | Dr    | Ke        | Chen               | K.Chen@cs.bham.ac.uk             |    138 | 44769
  11 | Mr    | Seungyeob | Choi               | S.Choi@cs.bham.ac.uk             |    118 | 42790
  12 | Dr    | Ron       | Chrisley           | R.L.Chrisley@cs.bham.ac.uk       |    114 | 43739
  14 | Dr    | Peter     | Coxhead            | P.Coxhead@cs.bham.ac.uk          |    224 | 44766
  15 | Mrs   | Ceinwen   | Cushway            | C.Cushway@cs.bham.ac.uk          |     21 | 43735
  16 | Mr    | Bertram   | Dandy              | B.L.Dandy@cs.bham.ac.uk          |     23 | 44785
  17 | Mrs   | Shelagh   | Davis              | S.P.Davis@cs.bham.ac.uk          |      5 | 44782
  18 | Dr    | Antoni    | Diller             | A.R.Diller@cs.bham.ac.uk         |    115 | 44794
  19 | Dr    | James     | Drever             | J.G.Drever@cs.bham.ac.uk         |    242 | 42215
  20 | Dr    | William   | Edmondson          | W.H.Edmondson@cs.bham.ac.uk      |     38 | 44763
  21 | Dr    | Aniko     | Ekart              | A.Ekart@cs.bham.ac.uk            |    133 | 42796
  22 | Dr    | Martin    | Escardo            | M.Escardo@cs.bham.ac.uk          |    212 | 42797
  23 | Mr    | James     | Farmer             | J.J.Farmer@cs.bham.ac.uk         |    235 | 44770
  24 | Mr    | Robert    | Goldsmith          | R.S.Goldsmith@cs.bham.ac.uk      |    117 | 43707
  25 | Dr    | Dimitar   | Guelev             | D.P.Guelev@cs.bham.ac.uk         |    106 | 43756
  26 | Dr    | Peter     | Hancox             | P.J.Hancox@cs.bham.ac.uk         |    240 | 43819
  27 | Mr    | Aidan     | Harding            | A.T.Harding@cs.bham.ac.uk        |    118 | 42790
  28 | Ms    | Rachel    | Harris             | R.M.Harris@cs.bham.ac.uk         |    118 | 43736
  29 | Mr    | Nicholas  | Hawes              | N.A.Hawes@cs.bham.ac.uk          |    118 | 42790
  30 | Dr    | Jun       | He                 | J.He@cs.bham.ac.uk               |    206 | 43756
  31 | Miss  | Julie     | Heathcote          | J.E.Heathcote@cs.bham.ac.uk      |      5 | 44773
  32 | Mr    | Bob       | Hendley            | R.J.Hendley@cs.bham.ac.uk        |    236 | 44761
  34 | Dr    | Mateja    | Jamnik             | M.Jamnik@cs.bham.ac.uk           |    134 | 44793
  35 | Prof  | Achim     | Jung               | A.Jung@cs.bham.ac.uk             |    213 | 44776
  36 | Mr    | Georgios  | Kalantzis          | G.Kalantzis@cs.bham.ac.uk        |     20 | 43734
  38 | Dr    | Manfred   | Kerber             | M.Kerber@cs.bham.ac.uk           |    137 | 44787
  39 | Mr    | David     | King               | D.J.King@cs.bham.ac.uk           |    227 | 43711
  40 | Mr    | Timothy   | Kovacs             | T.Kovacs@cs.bham.ac.uk           |      8 | 47969
  41 | Prof  | Marta     | Kwiatkowska        | M.Z.Kwiatkowska@cs.bham.ac.uk    |    136 | 47264
  42 | Dr    | Mark      | Lee                | M.G.Lee@cs.bham.ac.uk            |    110 | 44765
  43 | Mr    | Kevin     | Lucas              | K.P.Lucas@cs.bham.ac.uk          |     20 | 42790
  44 | Mr    | Keith     | Marlow             | K.A.Marlow@cs.bham.ac.uk         |    140 | 43817
  45 | Mr    | Rashid    | Mehmood            | R.Mehmood@cs.bham.ac.uk          |    125 | 47969
  46 | Dr    | Julian    | Miller             | J.F.Miller@cs.bham.ac.uk         |    215 | 43710
  47 | Mr    | Ian       | Millington         | I.D.Millington@cs.bham.ac.uk     |     20 | 43734
  48 | Mr    | James     | Neil               | J.R.Neil@cs.bham.ac.uk           |    125 | 47969
  49 | Dr    | Gethin    | Norman             | G.Norman@cs.bham.ac.uk           |     10 | 44789
  50 | Dr    | Ahmet     | Orun               | A.B.Orun@cs.bham.ac.uk           |      9 | 43712
  51 | Mr    | Richard   | Pannell            | R.J.Pannell@cs.bham.ac.uk        |     23 | 44786
  52 | Mr    | Stephen   | Pillinger          | S.M.Pillinger@cs.bham.ac.uk      |    140 | 43214
  53 | Mr    | Marcos    | Quintana-Hernandez | M.I.Quintana@cs.bham.ac.uk       |    118 | 42790
  54 | Mrs   | Padma     | Reddy              | P.N.Reddy@cs.bham.ac.uk          |    112 | 42216
  55 | Prof  | Uday      | Reddy              | U.Reddy@cs.bham.ac.uk            |    210 | 42740
  56 | Mr    | Stuart    | Reynolds           | S.I.Reynolds@cs.bham.ac.uk       |     46 | 48557
  57 | Dr    | Eike      | Ritter             | E.Ritter@cs.bham.ac.uk           |    209 | 44772
  58 | Mr    | Mark      | Robbins            | M.S.Robbins@cs.bham.ac.uk        |    135 | 44770
  59 | Mr    | Mark      | Roberts            | M.E.Roberts@cs.bham.ac.uk        |    145 | 43705
  60 | Dr    | Jon       | Rowe               | J.E.Rowe@cs.bham.ac.uk           |    238 | 42985
  61 | Dr    | Mark      | Ryan               | M.D.Ryan@cs.bham.ac.uk           |    237 | 47361
  62 | Ms    | Amarjit   | Sathi              | A.Sathi@cs.bham.ac.uk            |    142 | 44791
  63 | Mr    | Alan      | Sexton             | A.P.Sexton@cs.bham.ac.uk         |    239 | 43703
  64 | Dr    | Nick      | Shrine             | N.R.Shrine@cs.bham.ac.uk         |    142 | 44791
  65 | Prof  | Aaron     | Sloman             | A.Sloman@cs.bham.ac.uk           |    107 | 44775
  66 | Mrs   | Sammy     | Snow               | S.Snow@cs.bham.ac.uk             |    221 | 44774
  67 | Mr    | Benjamin  | Stone              | B.R.Stone@cs.bham.ac.uk          |    142 | 44791
  68 | Dr    | Georgios  | Theodoropoulos     | G.K.Theodoropoulos@cs.bham.ac.uk |    135 | 44780
  69 | Dr    | Hayo      | Thielecke          | H.Thielecke@cs.bham.ac.uk        |    208 | 42986
  70 | Ms    | Manuela   | Viezzer            | M.Viezzer@cs.bham.ac.uk          |    117 | 43707
  71 | Mr    | Barry     | Wilkins            | B.Wilkins@cs.bham.ac.uk          |    118 | 43736
  72 | Mr    | Timothy   | Williams           | T.M.Williams@cs.bham.ac.uk       |    135 | 42214
  73 | Mr    | Daniel    | Winchester         | D.Winchester@cs.bham.ac.uk       |    118 | 42790
  74 | Mr    | John      | Woodward           | J.R.Woodward@cs.bham.ac.uk       |    145 | 43705
  75 | Dr    | Jeremy    | Wyatt              | J.L.Wyatt@cs.bham.ac.uk          |    241 | 44788
  76 | Dr    | Jim       | Yandle             | J.R.Yandle@cs.bham.ac.uk         |    108 | 44781
  77 | Prof  | Xin       | Yao                | X.Yao@cs.bham.ac.uk              |    211 | 43747
  78 | Mr    | Bohumir   | Zoubek             | B.Zoubek@cs.bham.ac.uk           |    218 | 43736
  79 | Dr    | Paul      | Levy               | P.B.Levy@cs.bham.ac.uk           |    216 | 44792
  80 | Dr    | Volker    | Sorge              | V.Sorge@cs.bham.ac.uk            |    207 | 43746
  82 | Mr    | Adrian    | Hartley            | A.R.Hartley@cs.bham.ac.uk        |    244 | 43734
  88 | Dr    | Steve     | Vickers            | S.J.Vickers@cs.bham.ac.uk        |    109 | 43743
  89 | Dr    | Behzad    | Bordbar            | B.Bordbar@cs.bham.ac.uk          |    116 | 43487
  90 | Dr    | Peter     | Tino               | P.Tino@cs.bham.ac.uk             |     33 | 48558
  91 | Dr    | Ata       | Kaban              | A.Kaban@cs.bham.ac.uk            |     32 | 42792
  92 | Dr    | Russell   | Beale              | R.Beale@cs.bham.ac.uk            |     37 | 43729
  94 | Dr    | Sheila    | Glasbey            | S.R.Glasbey@cs.bham.ac.uk        |    132 | 48560
  83 | Ms    | Joan      | Jackson            | J.Jackson@cs.bham.ac.uk          |        |      
  84 | Dr    | Lubo      | Jankovic           | L.Jankovic@cs.bham.ac.uk         |        |      
  85 | Dr    | Richard   | Kaye               | R.W.Kaye@cs.bham.ac.uk           |        | 44659
  86 | Mr    | Karim     | Visram             | K.Visram@cs.bham.ac.uk           |        |      
  87 | Dr    | Alan      | White              | A.P.White@bham.ac.uk             |        | 44750
  81 | Dr    | Tony      | Gardiner           | A.D.Gardiner@bham.ac.uk          |        | 46580
  93 | Dr    | Brian     | Philp              | B.J.Philp@bham.ac.uk             |        | 46603
  95 | Mr    | Jim       | McGregor           | jim@cs.bham.ac.uk                |        |      
  96 | Dr    | Dan       | Ghica              | D.Ghica@cs.bham.ac.uk            |        |      
  97 | Dr    | Alastair  | Channon            | A.D.Channon@cs.bham.ac.uk        |    235 | 44770
  98 | Dr    | Iain      | Styles             | I.B.Styles@cs.bham.ac.uk         |    106 | 48559
  99 | Dr    | Dominique | Chu                | D.Chu@cs.bham.ac.uk              |     34 | 42793
  13 | Prof  | Ela       | Claridge           | E.Claridge@cs.bham.ac.uk         |    139 | 44778
(97 rows)

